0 info it worked if it ends with ok
1 verbose cli [ 'node', '/usr/local/bin/npm', 'adduser' ]
2 info using npm@2.13.1
3 info using node@v0.12.7
4 verbose adduser before first PUT { _id: 'org.couchdb.user:erce',
4 verbose adduser   name: 'erce',
4 verbose adduser   password: 'XXXXX',
4 verbose adduser   email: 'erce.erozbek@gmail.com',
4 verbose adduser   type: 'user',
4 verbose adduser   roles: [],
4 verbose adduser   date: '2015-08-28T08:41:03.258Z' }
5 verbose request uri https://registry.npmjs.org/-/user/org.couchdb.user:erce
6 verbose request new user, so can't send auth
7 info attempt registry request try #1 at 11:41:03 AM
8 verbose request id 73580777d8708b9c
9 http request PUT https://registry.npmjs.org/-/user/org.couchdb.user:erce
10 http 400 https://registry.npmjs.org/-/user/org.couchdb.user:erce
11 verbose headers { 'content-type': 'application/json',
11 verbose headers   'cache-control': 'max-age=60',
11 verbose headers   'content-length': '57',
11 verbose headers   'accept-ranges': 'bytes',
11 verbose headers   date: 'Fri, 28 Aug 2015 08:41:04 GMT',
11 verbose headers   via: '1.1 varnish',
11 verbose headers   connection: 'keep-alive',
11 verbose headers   'x-served-by': 'cache-lcy1126-LCY',
11 verbose headers   'x-cache': 'MISS',
11 verbose headers   'x-cache-hits': '0',
11 verbose headers   'x-timer': 'S1440751263.644417,VS0,VE808' }
12 verbose request invalidating /Users/erce/.npm/registry.npmjs.org/-/user/org.couchdb.user_3Aerce on PUT
13 verbose adduser back [ { [Error: Unknown error while authenticating : -/user/org.couchdb.user:erce] statusCode: 400, code: 'E400' },
13 verbose adduser   { ok: false, error: 'Unknown error while authenticating' },
13 verbose adduser   '{"ok":false,"error":"Unknown error while authenticating"}' ]
14 verbose stack Error: Unknown error while authenticating : -/user/org.couchdb.user:erce
14 verbose stack     at CachingRegistryClient.<anonymous> (/usr/local/lib/node_modules/npm/node_modules/npm-registry-client/lib/request.js:247:14)
14 verbose stack     at Request._callback (/usr/local/lib/node_modules/npm/node_modules/npm-registry-client/lib/request.js:170:14)
14 verbose stack     at Request.self.callback (/usr/local/lib/node_modules/npm/node_modules/request/request.js:197:22)
14 verbose stack     at Request.emit (events.js:110:17)
14 verbose stack     at Request.<anonymous> (/usr/local/lib/node_modules/npm/node_modules/request/request.js:1050:14)
14 verbose stack     at Request.emit (events.js:129:20)
14 verbose stack     at IncomingMessage.<anonymous> (/usr/local/lib/node_modules/npm/node_modules/request/request.js:996:12)
14 verbose stack     at IncomingMessage.emit (events.js:129:20)
14 verbose stack     at _stream_readable.js:908:16
14 verbose stack     at process._tickCallback (node.js:355:11)
15 verbose statusCode 400
16 verbose cwd /Users/erce/www/_repos/manager.js
17 error Darwin 14.5.0
18 error argv "node" "/usr/local/bin/npm" "adduser"
19 error node v0.12.7
20 error npm  v2.13.1
21 error code E400
22 error Unknown error while authenticating : -/user/org.couchdb.user:erce
23 error If you need help, you may report this error at:
23 error     <https://github.com/npm/npm/issues>
24 verbose exit [ 1, true ]
